<?xml version="1.0" encoding="UTF-8"?>
<!-- Generated by org.testng.reporters.JUnitReportReporter -->
<testsuite name="ApiAutomationProject.ApiAutomation.PostRequest" tests="1" time="0.028" ignored="0" failures="0" timestamp="21 May 2020 20:01:19 GMT" skipped="0" hostname="Lenovo" errors="0">
  <testcase name="ExtractPostalCodeValueAndphoneNumbersFrom" time="0.028" classname="ApiAutomationProject.ApiAutomation.PostRequest"/>
</testsuite> <!-- ApiAutomationProject.ApiAutomation.PostRequest -->
