<?xml version="1.0" encoding="UTF-8"?>
<!-- Generated by org.testng.reporters.JUnitReportReporter -->
<testsuite name="ApiAutomationProject.ApiAutomation.PostRequest" tests="1" time="4.480" ignored="0" failures="0" timestamp="11 May 2020 03:24:27 GMT" skipped="0" hostname="DESKTOP-R14VLNO" errors="0">
  <testcase name="UsingPojo" time="4.480" classname="ApiAutomationProject.ApiAutomation.PostRequest"/>
</testsuite> <!-- ApiAutomationProject.ApiAutomation.PostRequest -->
